<?xml version="1.0" encoding="UTF-8"?>
<testng-results skipped="0" failed="0" ignored="0" total="1" passed="1">
  <reporter-output>
  </reporter-output>
  <suite name="Default suite" duration-ms="9906" started-at="2018-08-24T04:08:47Z" finished-at="2018-08-24T04:08:57Z">
    <groups>
    </groups>
    <test name="Default test" duration-ms="9906" started-at="2018-08-24T04:08:47Z" finished-at="2018-08-24T04:08:57Z">
      <class name="TddProject.Test_final">
        <test-method status="PASS" signature="f1()[pri:0, instance:TddProject.Test_final@91161c7]" name="f1" duration-ms="9878" started-at="2018-08-24T09:38:47Z" finished-at="2018-08-24T09:38:57Z">
          <reporter-output>
          </reporter-output>
        </test-method> <!-- f1 -->
      </class> <!-- TddProject.Test_final -->
    </test> <!-- Default test -->
  </suite> <!-- Default suite -->
</testng-results>
